<?xml version="1.0" encoding="UTF-8"?>
<!-- Generated by org.testng.reporters.JUnitXMLReporter -->
<testsuite ignored="0" hostname="DESKTOP-ASDS5EB" failures="0" tests="3" name="Test1" time="133.882" errors="0" timestamp="2023-05-11T23:07:51 IST">
  <testcase classname="amazonWeb.AmazonLoginTest" name="LoginPage" time="5.531"/>
  <testcase classname="amazonWeb.AmazonLoginTest" name="MiPhoneSearch" time="83.266"/>
  <testcase classname="amazonWeb.SearchPhoneTest" name="SearchPhone" time="18.954"/>
</testsuite> <!-- Test1 -->
