<?xml version="1.0" encoding="UTF-8"?>
<testng-results ignored="0" total="0" passed="0" failed="0" skipped="0">
  <reporter-output>
  </reporter-output>
  <suite started-at="2023-11-16T18:43:24Z" name="Suite" finished-at="2023-11-16T18:43:44Z" duration-ms="19648">
    <groups>
    </groups>
    <test started-at="2023-11-16T18:43:24Z" name="Test" finished-at="2023-11-16T18:43:44Z" duration-ms="19648">
      <class name="sampleProgram.OpenAllLinkInGoogle">
        <test-method is-config="true" signature="base()[pri:0, instance:sampleProgram.OpenAllLinkInGoogle@7d900ecf]" started-at="2023-11-17T00:13:24Z" name="base" finished-at="2023-11-17T00:13:44Z" duration-ms="19635" status="PASS">
          <reporter-output>
          </reporter-output>
        </test-method> <!-- base -->
      </class> <!-- sampleProgram.OpenAllLinkInGoogle -->
    </test> <!-- Test -->
  </suite> <!-- Suite -->
</testng-results>
